2025-05-05 20:43:05,807 - INFO - ====== WebDriver manager ======
2025-05-05 20:43:07,687 - INFO - Get LATEST chromedriver version for google-chrome
2025-05-05 20:43:07,848 - INFO - Get LATEST chromedriver version for google-chrome
2025-05-05 20:43:07,975 - INFO - Driver [C:\Users\dylan\.wdm\drivers\chromedriver\win64\135.0.7049.114\chromedriver-win32/chromedriver.exe] found in cache
2025-05-05 20:43:15,068 - WARNING - Failed to fetch https://www.auroraschool.vic.edu.au/wp-content/uploads/2023/10/Best_Practices_in_Family_Centered_Early _Intervention_ENG.pdf: Status 404
2025-05-05 20:43:15,138 - WARNING - Failed to fetch https://www.disabilitygateway.gov.au/sites/default/files/documents/2021-12/australias-disability-strategy-2021
-2031.pdf: Status 404
2025-05-05 20:43:15,405 - WARNING - Failed to fetch https://www.ndiscommission.gov.au/sites/default/files/documents/2019-05/ndis-quality-and-safeguarding-fram 
ework-0.pdf: Status 404
2025-05-05 20:43:17,269 - ERROR - Error processing PDF https://digitallibrary.un.org/record/1641694/files/CRPD_C_GC_7-EN.pdf: EOF marker not found
2025-05-05 20:43:17,281 - INFO - Scraping completed. Saved 10 results to Tests/webScraping test/data/scraped_data.csv
2025-05-05 20:43:19,647 - INFO - Total execution time: 13.86 seconds
2025-05-05 20:47:36,122 - INFO - ====== WebDriver manager ======
2025-05-05 20:47:37,668 - INFO - Get LATEST chromedriver version for google-chrome
2025-05-05 20:47:37,858 - INFO - Get LATEST chromedriver version for google-chrome
2025-05-05 20:47:37,978 - INFO - Driver [C:\Users\dylan\.wdm\drivers\chromedriver\win64\135.0.7049.114\chromedriver-win32/chromedriver.exe] found in cache
2025-05-05 20:47:45,455 - ERROR - Failed to fetch PDF https://www.auroraschool.vic.edu.au/wp-content/uploads/2023/10/Best_Practices_in_Family_Centered_Early _Intervention_ENG.pdf: Status 404
2025-05-05 20:47:45,495 - ERROR - Failed to fetch PDF https://www.ndiscommission.gov.au/sites/default/files/documents/2019-05/ndis-quality-and-safeguarding-fram 
ework-0.pdf: Status 404
2025-05-05 20:47:45,506 - ERROR - Failed to fetch PDF https://www.disabilitygateway.gov.au/sites/default/files/documents/2021-12/australias-disability-strategy-2021
-2031.pdf: Status 404
2025-05-05 20:47:47,196 - INFO - Scraping completed. Saved 10 results to Tests/webScraping test/data/scraped_data.csv
2025-05-05 20:47:49,522 - INFO - Total execution time: 13.43 seconds
2025-05-05 20:51:55,628 - INFO - ====== WebDriver manager ======
2025-05-05 20:51:57,215 - INFO - Get LATEST chromedriver version for google-chrome
2025-05-05 20:51:57,368 - INFO - Get LATEST chromedriver version for google-chrome
2025-05-05 20:51:57,497 - INFO - Driver [C:\Users\dylan\.wdm\drivers\chromedriver\win64\135.0.7049.114\chromedriver-win32/chromedriver.exe] found in cache
2025-05-05 20:52:04,336 - ERROR - Failed to fetch PDF https://www.auroraschool.vic.edu.au/wp-content/uploads/2023/10/Best_Practices_in_Family_Centered_Early _Intervention_ENG.pdf: Status 404
2025-05-05 20:52:04,480 - ERROR - Failed to fetch PDF https://www.disabilitygateway.gov.au/sites/default/files/documents/2021-12/australias-disability-strategy-2021
-2031.pdf: Status 404
2025-05-05 20:52:04,510 - ERROR - Failed to fetch PDF https://www.ndiscommission.gov.au/sites/default/files/documents/2019-05/ndis-quality-and-safeguarding-fram 
ework-0.pdf: Status 404
2025-05-05 20:52:07,350 - INFO - Scraping completed. Saved 10 results to Tests/webScraping test/data/scraped_data.csv
2025-05-05 20:52:09,658 - INFO - Total execution time: 14.04 seconds
2025-05-05 20:53:58,273 - INFO - ====== WebDriver manager ======
2025-05-05 20:53:59,844 - INFO - Get LATEST chromedriver version for google-chrome
2025-05-05 20:53:59,988 - INFO - Get LATEST chromedriver version for google-chrome
2025-05-05 20:54:00,154 - INFO - Driver [C:\Users\dylan\.wdm\drivers\chromedriver\win64\135.0.7049.114\chromedriver-win32/chromedriver.exe] found in cache
2025-05-05 20:54:29,437 - ERROR - Failed to fetch PDF https://www.auroraschool.vic.edu.au/wp-content/uploads/2023/10/Best_Practices_in_Family_Centered_Early _Intervention_ENG.pdf: Status 404
2025-05-05 20:54:29,458 - ERROR - Failed to fetch PDF https://ourguidelines.ndis.gov.au/sites/default/files/documents/2022-04/Family%20and%20carer%20involvem 
ent%20guideline.pdf: Status 403
2025-05-05 20:54:29,459 - ERROR - Failed to fetch PDF https://www.disabilitygateway.gov.au/sites/default/files/documents/2021-12/australias-disability-strategy-2021
-2031.pdf: Status 404
2025-05-05 20:54:29,461 - ERROR - Failed to fetch PDF https://education.nsw.gov.au/content/dam/main-education/supporting-students/media/documents/assistive-te chnology-application-form.pdf: Status 404
2025-05-05 20:54:29,462 - ERROR - Failed to fetch PDF https://education.nsw.gov.au/content/dam/main-education/platoapps/media/documents/ern/documents/ern/qr gs/Standard-Operating-Procedure-Actioning-a-request-for-Itinerant-Support-4.2.pdf: Status 404
2025-05-05 20:54:29,468 - ERROR - Failed to fetch PDF https://www.ndiscommission.gov.au/sites/default/files/documents/2019-05/ndis-quality-and-safeguarding-fram 
ework-0.pdf: Status 404
2025-05-05 20:54:29,534 - ERROR - Failed to fetch PDF https://deafconnect.org.au/wp-content/uploads/2022/11/BENEFITS_OF_AUSLAN_EARLY_INTERVENTION _v4_DIGITAL.pdf: Status 404
2025-05-05 20:54:29,536 - ERROR - Failed to fetch PDF https://www.education.vic.gov.au/Documents/about/programs/inclusive/DIS_Profile_Template.pdf: Status 404
2025-05-05 20:54:29,538 - ERROR - Failed to fetch PDF https://www.education.vic.gov.au/Documents/school/teachers/learningneeds/atschool/assistivetechnologygui delines.pdf: Status 404
2025-05-05 20:54:30,488 - ERROR - Failed to fetch PDF https://www.qcaa.qld.edu.au/downloads/early_middle/qklg_reasonable_adjustments.pdf: Status 404
2025-05-05 20:54:30,589 - ERROR - Failed to fetch PDF https://education.nt.gov.au/__data/assets/pdf_file/0004/1011115/inclusive-education-policy.pdf: Status 404
2025-05-05 20:54:32,946 - ERROR - Failed to fetch PDF https://www.education.sa.gov.au/sites/default/files/inclusive-education-support-program-guidelines.pdf: Status 404
2025-05-05 20:54:35,570 - INFO - Scraping completed. Saved 37 results to Tests/webScraping test/data/scraped_data.csv
2025-05-05 20:54:37,956 - INFO - Total execution time: 39.70 seconds
2025-05-05 20:58:49,215 - INFO - ====== WebDriver manager ======
2025-05-05 20:58:50,723 - INFO - Get LATEST chromedriver version for google-chrome
2025-05-05 20:58:50,898 - INFO - Get LATEST chromedriver version for google-chrome
2025-05-05 20:58:51,042 - INFO - Driver [C:\Users\dylan\.wdm\drivers\chromedriver\win64\135.0.7049.114\chromedriver-win32/chromedriver.exe] found in cache
2025-05-05 20:58:56,695 - ERROR - Error processing PDF https://www.aussiedeafkids.org.au/wp-content/uploads/2024/12/Sound-Waves-section-5.pdf: ClientSession._request() got an unexpected keyword argument 'verify'
2025-05-05 20:58:59,587 - ERROR - Error processing PDF https://www.un.org/disabilities/documents/convention/convoptprot-e.pdf: ClientSession._request() got an unexpected keyword argument 'verify'
2025-05-05 20:58:59,588 - ERROR - Error processing PDF https://digitallibrary.un.org/record/1641694/files/CRPD_C_GC_7-EN.pdf: ClientSession._request() got an unexpected keyword argument 'verify'
2025-05-05 20:59:00,478 - ERROR - Error processing PDF https://www.disabilitygateway.gov.au/sites/default/files/documents/2021-12/australias-disability-strategy-2021
-2031.pdf: ClientSession._request() got an unexpected keyword argument 'verify'
2025-05-05 20:59:00,961 - ERROR - Error processing PDF https://www.ndiscommission.gov.au/sites/default/files/documents/2019-05/ndis-quality-and-safeguarding-fram 
ework-0.pdf: ClientSession._request() got an unexpected keyword argument 'verify'
2025-05-05 20:59:02,237 - ERROR - Error processing PDF https://ourguidelines.ndis.gov.au/sites/default/files/documents/2022-04/Family%20and%20carer%20involvem 
ent%20guideline.pdf: ClientSession._request() got an unexpected keyword argument 'verify'
2025-05-05 20:59:05,854 - ERROR - Error processing PDF https://schoolsequella.det.nsw.edu.au/file/087c5e87-ef8e-4f7f-9806-83eb61fa00bf/1/Students%20with%20Di sability%20in%20Mainstream%20Classes.pdf: ClientSession._request() got an unexpected keyword argument 'verify'
2025-05-05 20:59:05,855 - ERROR - Error processing PDF https://education.nsw.gov.au/content/dam/main-education/supporting-students/media/documents/assistive-te chnology-application-form.pdf: ClientSession._request() got an unexpected keyword argument 'verify'
2025-05-05 20:59:05,856 - ERROR - Error processing PDF https://education.nsw.gov.au/content/dam/main-education/platoapps/media/documents/ern/documents/ern/qr gs/Standard-Operating-Procedure-Actioning-a-request-for-Itinerant-Support-4.2.pdf: ClientSession._request() got an unexpected keyword argument 'verify'
2025-05-05 20:59:05,856 - ERROR - Error processing PDF https://ppr.qed.qld.gov.au/attachment/inclusive-education-policy.pdf: ClientSession._request() got an unexpected keyword argument 'verify'
2025-05-05 20:59:05,857 - ERROR - Error processing PDF https://www.qcaa.qld.edu.au/downloads/early_middle/qklg_reasonable_adjustments.pdf: ClientSession._request() got an unexpected keyword argument 'verify'
2025-05-05 20:59:05,857 - ERROR - Error processing PDF https://www.education.sa.gov.au/sites/default/files/inclusive-education-support-program-guidelines.pdf: ClientSession._request() got an unexpected keyword argument 'verify'
2025-05-05 20:59:08,893 - ERROR - Error processing PDF https://education.nt.gov.au/__data/assets/pdf_file/0004/1011115/inclusive-education-policy.pdf: ClientSession._request() got an unexpected keyword argument 'verify'
2025-05-05 20:59:08,893 - ERROR - Error processing PDF https://www.education.vic.gov.au/Documents/about/programs/inclusive/DIS_Profile_Template.pdf: ClientSession._request() got an unexpected keyword argument 'verify'
2025-05-05 20:59:08,894 - ERROR - Error processing PDF https://www.education.vic.gov.au/Documents/school/teachers/learningneeds/atschool/assistivetechnologygui delines.pdf: ClientSession._request() got an unexpected keyword argument 'verify'
2025-05-05 20:59:08,894 - ERROR - Error processing PDF https://deafaustralia.org.au/wp-content/uploads/2022/05/EI-and-Education-Summit-report-2013.pdf: ClientSession._request() got an unexpected keyword argument 'verify'
2025-05-05 20:59:08,895 - ERROR - Error processing PDF https://deafconnect.org.au/wp-content/uploads/2022/11/BENEFITS_OF_AUSLAN_EARLY_INTERVENTION _v4_DIGITAL.pdf: ClientSession._request() got an unexpected keyword argument 'verify'
2025-05-05 20:59:08,896 - ERROR - Error processing PDF https://www.childrens.health.qld.gov.au/__data/assets/pdf_file/0025/174805/hh-min-stds-prac-qld.pdf: ClientSession._request() got an unexpected keyword argument 'verify'
2025-05-05 20:59:22,065 - ERROR - Error processing PDF https://www.auroraschool.vic.edu.au/wp-content/uploads/2023/10/Best_Practices_in_Family_Centered_Early _Intervention_ENG.pdf: ClientSession._request() got an unexpected keyword argument 'verify'
2025-05-05 20:59:22,066 - ERROR - Error processing PDF https://www.aussiedeafkids.org.au/user-assets/NDIS%20and%20children%20with%20hearing%20loss.pdf: ClientSession._request() got an unexpected keyword argument 'verify'
2025-05-05 20:59:27,179 - INFO - Scraping completed. Saved 37 results to Tests/webScraping test/data/scraped_data.csv
2025-05-05 20:59:29,659 - INFO - Total execution time: 40.45 seconds
2025-05-05 21:03:05,818 - INFO - ====== WebDriver manager ======
2025-05-05 21:03:07,349 - INFO - Get LATEST chromedriver version for google-chrome
2025-05-05 21:03:07,487 - INFO - Get LATEST chromedriver version for google-chrome
2025-05-05 21:03:07,620 - INFO - Driver [C:\Users\dylan\.wdm\drivers\chromedriver\win64\135.0.7049.114\chromedriver-win32/chromedriver.exe] found in cache
2025-05-05 21:03:35,072 - INFO - Scraping completed. Saved 37 results to Tests/webScraping test/data/scraped_data.csv
2025-05-05 21:03:37,351 - INFO - Total execution time: 32.07 seconds
